2025-03-14 17:41:12,559 - INFO - Using device: cuda
2025-03-14 17:41:13,110 - INFO - Starting training for 8 epochs from scratch
2025-03-14 17:42:19,347 - INFO - Using device: cuda
2025-03-14 17:42:20,123 - INFO - Starting training for 8 epochs from scratch
2025-03-14 17:50:46,249 - INFO - Training loss for epoch 1: 1.4643944327533245
2025-03-14 17:52:58,899 - INFO - Best model saved to E:/Amrita/Subjects/Sem 6/Speech Processing/Tutorials/6/Question 1/Train Data/Checkpoints/wav2vec2 train 1\best_model.pth
2025-03-14 17:52:58,899 - INFO - Testing loss for epoch 1: 0.44133255183696746
2025-03-14 17:52:58,900 - INFO - Testing word error rate for epoch 1: 1.0691478252410889

2025-03-14 17:52:58,900 - INFO - Testing character error rate for epoch 1: 0.5022467970848083

2025-03-14 17:53:02,571 - INFO - Checkpoint saved to E:/Amrita/Subjects/Sem 6/Speech Processing/Tutorials/6/Question 1/Train Data/Checkpoints/wav2vec2 train 1\model_epoch_1.pth
2025-03-14 18:01:11,484 - INFO - Training loss for epoch 2: 0.5758019622415305
2025-03-14 18:02:15,890 - INFO - Best model saved to E:/Amrita/Subjects/Sem 6/Speech Processing/Tutorials/6/Question 1/Train Data/Checkpoints/wav2vec2 train 1\best_model.pth
2025-03-14 18:02:15,891 - INFO - Testing loss for epoch 2: 0.3663937382400036
2025-03-14 18:02:15,891 - INFO - Testing word error rate for epoch 2: 1.0673123598098755

2025-03-14 18:02:15,892 - INFO - Testing character error rate for epoch 2: 0.5073474645614624

2025-03-14 18:02:19,615 - INFO - Checkpoint saved to E:/Amrita/Subjects/Sem 6/Speech Processing/Tutorials/6/Question 1/Train Data/Checkpoints/wav2vec2 train 1\model_epoch_2.pth
2025-03-14 18:10:31,595 - INFO - Training loss for epoch 3: 0.47754633814096453
2025-03-14 18:11:34,510 - INFO - Testing loss for epoch 3: 0.3807730442285538
2025-03-14 18:11:34,511 - INFO - Testing word error rate for epoch 3: 1.0832103490829468

2025-03-14 18:11:34,511 - INFO - Testing character error rate for epoch 3: 0.513957679271698

2025-03-14 18:11:37,855 - INFO - Checkpoint saved to E:/Amrita/Subjects/Sem 6/Speech Processing/Tutorials/6/Question 1/Train Data/Checkpoints/wav2vec2 train 1\model_epoch_3.pth
2025-03-14 18:14:11,307 - INFO - Using device: cuda
2025-03-14 18:14:13,924 - INFO - Training Resumed:
   Current Epoch: 4
   Global Step: 601
   Total Epochs: 8
   Remaining Epochs: 4
2025-03-14 18:25:26,705 - INFO - Training loss for epoch 4: 0.42831481647491454
2025-03-14 18:27:51,914 - INFO - Best model saved to E:/Amrita/Subjects/Sem 6/Speech Processing/Tutorials/6/Question 1/Train Data/Checkpoints/wav2vec2 train 1\best_model.pth
2025-03-14 18:27:51,915 - INFO - Testing loss for epoch 4: 0.2272037585824728
2025-03-14 18:27:51,915 - INFO - Testing word error rate for epoch 4: 1.0672904253005981

2025-03-14 18:27:51,915 - INFO - Testing character error rate for epoch 4: 0.501322865486145

2025-03-14 18:27:54,761 - INFO - Checkpoint saved to E:/Amrita/Subjects/Sem 6/Speech Processing/Tutorials/6/Question 1/Train Data/Checkpoints/wav2vec2 train 1\model_epoch_4.pth
2025-03-14 18:38:07,817 - INFO - Training loss for epoch 5: 0.37692272049188613
2025-03-14 18:39:15,181 - INFO - Best model saved to E:/Amrita/Subjects/Sem 6/Speech Processing/Tutorials/6/Question 1/Train Data/Checkpoints/wav2vec2 train 1\best_model.pth
2025-03-14 18:39:15,182 - INFO - Testing loss for epoch 5: 0.16034200988709926
2025-03-14 18:39:15,182 - INFO - Testing word error rate for epoch 5: 1.071516990661621

2025-03-14 18:39:15,182 - INFO - Testing character error rate for epoch 5: 0.49380508065223694

2025-03-14 18:39:19,031 - INFO - Checkpoint saved to E:/Amrita/Subjects/Sem 6/Speech Processing/Tutorials/6/Question 1/Train Data/Checkpoints/wav2vec2 train 1\model_epoch_5.pth
2025-03-14 18:49:09,132 - INFO - Training loss for epoch 6: 0.3354107181429863
2025-03-14 18:50:12,427 - INFO - Best model saved to E:/Amrita/Subjects/Sem 6/Speech Processing/Tutorials/6/Question 1/Train Data/Checkpoints/wav2vec2 train 1\best_model.pth
2025-03-14 18:50:12,427 - INFO - Testing loss for epoch 6: 0.12495466048829257
2025-03-14 18:50:12,428 - INFO - Testing word error rate for epoch 6: 1.062147855758667

2025-03-14 18:50:12,428 - INFO - Testing character error rate for epoch 6: 0.48215052485466003

2025-03-14 18:50:16,238 - INFO - Checkpoint saved to E:/Amrita/Subjects/Sem 6/Speech Processing/Tutorials/6/Question 1/Train Data/Checkpoints/wav2vec2 train 1\model_epoch_6.pth
2025-03-14 18:59:50,341 - INFO - Training loss for epoch 7: 0.3099622084572911
2025-03-14 19:00:57,736 - INFO - Best model saved to E:/Amrita/Subjects/Sem 6/Speech Processing/Tutorials/6/Question 1/Train Data/Checkpoints/wav2vec2 train 1\best_model.pth
2025-03-14 19:00:57,737 - INFO - Testing loss for epoch 7: 0.08618681268766522
2025-03-14 19:00:57,737 - INFO - Testing word error rate for epoch 7: 1.0682674646377563

2025-03-14 19:00:57,737 - INFO - Testing character error rate for epoch 7: 0.504225492477417

2025-03-14 19:01:25,594 - INFO - Checkpoint saved to E:/Amrita/Subjects/Sem 6/Speech Processing/Tutorials/6/Question 1/Train Data/Checkpoints/wav2vec2 train 1\model_epoch_7.pth
2025-03-14 19:16:25,851 - INFO - Training loss for epoch 8: 0.2894091612994671
2025-03-14 19:18:16,785 - INFO - Best model saved to E:/Amrita/Subjects/Sem 6/Speech Processing/Tutorials/6/Question 1/Train Data/Checkpoints/wav2vec2 train 1\best_model.pth
2025-03-14 19:18:16,785 - INFO - Testing loss for epoch 8: 0.04932486133649945
2025-03-14 19:18:16,785 - INFO - Testing word error rate for epoch 8: 1.0213866233825684

2025-03-14 19:18:16,786 - INFO - Testing character error rate for epoch 8: 0.47327449917793274

2025-03-14 19:18:20,497 - INFO - Checkpoint saved to E:/Amrita/Subjects/Sem 6/Speech Processing/Tutorials/6/Question 1/Train Data/Checkpoints/wav2vec2 train 1\model_epoch_8.pth
2025-03-14 19:29:09,360 - INFO - Using device: cuda
2025-03-14 19:29:11,621 - INFO - Training Resumed:
   Current Epoch: 9
   Global Step: 1851
   Total Epochs: 16
   Remaining Epochs: 7
2025-03-14 19:31:52,559 - INFO - Using device: cuda
2025-03-14 19:31:54,513 - INFO - Training Resumed:
   Current Epoch: 9
   Global Step: 1851
   Total Epochs: 16
   Remaining Epochs: 7
2025-03-14 19:43:13,607 - INFO - Training loss for epoch 9: 0.21079230979084967
2025-03-14 19:45:15,094 - INFO - Best model saved to E:/Amrita/Subjects/Sem 6/Speech Processing/Tutorials/6/Question 1/Train Data/Checkpoints/wav2vec2 train 1\best_model.pth
2025-03-14 19:45:15,095 - INFO - Testing loss for epoch 9: 0.022701159808784722
2025-03-14 19:45:15,095 - INFO - Testing word error rate for epoch 9: 1.0295406579971313

2025-03-14 19:45:15,095 - INFO - Testing character error rate for epoch 9: 0.4730609953403473

2025-03-14 19:45:42,053 - INFO - Checkpoint saved to E:/Amrita/Subjects/Sem 6/Speech Processing/Tutorials/6/Question 1/Train Data/Checkpoints/wav2vec2 train 1\model_epoch_9.pth
2025-03-14 20:02:13,883 - INFO - Using device: cuda
2025-03-14 20:02:15,904 - INFO - Training Resumed:
   Current Epoch: 10
   Global Step: 2101
   Total Epochs: 64
   Remaining Epochs: 54
2025-03-14 20:04:42,835 - INFO - Training loss for epoch 10: 0.29511923432350157
2025-03-14 20:06:04,872 - INFO - Testing loss for epoch 10: 0.19810875691473484
2025-03-14 20:06:04,872 - INFO - Testing word error rate for epoch 10: 1.037369728088379

2025-03-14 20:06:04,872 - INFO - Testing character error rate for epoch 10: 0.4842652678489685

2025-03-14 20:06:08,175 - INFO - Checkpoint saved to E:/Amrita/Subjects/Sem 6/Speech Processing/Tutorials/6/Question 1/Train Data/Checkpoints/wav2vec2 train 1\model_epoch_10.pth
2025-03-14 20:07:01,729 - INFO - Using device: cuda
2025-03-14 20:07:03,749 - INFO - Training Resumed:
   Current Epoch: 10
   Global Step: 2101
   Total Epochs: 64
   Remaining Epochs: 54
2025-03-14 20:09:07,982 - INFO - Training loss for epoch 10: 0.31458998650312425
2025-03-14 20:10:23,346 - INFO - Testing loss for epoch 10: 0.1899250190705061
2025-03-14 20:10:23,347 - INFO - Testing word error rate for epoch 10: 1.065146565437317

2025-03-14 20:10:23,347 - INFO - Testing character error rate for epoch 10: 0.48502403497695923

2025-03-14 20:10:26,962 - INFO - Checkpoint saved to E:/Amrita/Subjects/Sem 6/Speech Processing/Tutorials/6/Question 1/Train Data/Checkpoints/wav2vec2 train 1\model_epoch_10.pth
2025-03-14 20:11:39,196 - INFO - Training loss for epoch 11: 0.2685251313447952
2025-03-14 20:11:51,709 - INFO - Testing loss for epoch 11: 0.14483931362628938
2025-03-14 20:11:51,709 - INFO - Testing word error rate for epoch 11: 1.0181797742843628

2025-03-14 20:11:51,709 - INFO - Testing character error rate for epoch 11: 0.4477465748786926

2025-03-14 20:11:55,620 - INFO - Checkpoint saved to E:/Amrita/Subjects/Sem 6/Speech Processing/Tutorials/6/Question 1/Train Data/Checkpoints/wav2vec2 train 1\model_epoch_11.pth
2025-03-14 20:13:07,138 - INFO - Training loss for epoch 12: 0.23324162483215333
2025-03-14 20:13:18,933 - INFO - Testing loss for epoch 12: 0.10604997761547566
2025-03-14 20:13:18,935 - INFO - Testing word error rate for epoch 12: 1.0362589359283447

2025-03-14 20:13:18,935 - INFO - Testing character error rate for epoch 12: 0.4511803090572357

2025-03-14 20:13:22,600 - INFO - Checkpoint saved to E:/Amrita/Subjects/Sem 6/Speech Processing/Tutorials/6/Question 1/Train Data/Checkpoints/wav2vec2 train 1\model_epoch_12.pth
2025-03-14 20:14:39,837 - INFO - Training loss for epoch 13: 0.2211508646607399
2025-03-14 20:14:52,947 - INFO - Testing loss for epoch 13: 0.09510051291435957
2025-03-14 20:14:52,947 - INFO - Testing word error rate for epoch 13: 1.02813720703125

2025-03-14 20:14:52,947 - INFO - Testing character error rate for epoch 13: 0.4582245945930481

2025-03-14 20:14:56,907 - INFO - Checkpoint saved to E:/Amrita/Subjects/Sem 6/Speech Processing/Tutorials/6/Question 1/Train Data/Checkpoints/wav2vec2 train 1\model_epoch_13.pth
2025-03-14 20:16:43,936 - INFO - Training loss for epoch 14: 0.23064373970031737
2025-03-14 20:16:57,492 - INFO - Testing loss for epoch 14: 0.06664189770817756
2025-03-14 20:16:57,492 - INFO - Testing word error rate for epoch 14: 1.0210769176483154

2025-03-14 20:16:57,492 - INFO - Testing character error rate for epoch 14: 0.4476967453956604

2025-03-14 20:17:23,463 - INFO - Checkpoint saved to E:/Amrita/Subjects/Sem 6/Speech Processing/Tutorials/6/Question 1/Train Data/Checkpoints/wav2vec2 train 1\model_epoch_14.pth
2025-03-14 20:19:31,247 - INFO - Training loss for epoch 15: 0.183532627299428
2025-03-14 20:19:55,596 - INFO - Testing loss for epoch 15: 0.055537118948996066
2025-03-14 20:19:55,597 - INFO - Testing word error rate for epoch 15: 1.0673872232437134

2025-03-14 20:19:55,597 - INFO - Testing character error rate for epoch 15: 0.4644067883491516

2025-03-14 20:20:16,511 - INFO - Checkpoint saved to E:/Amrita/Subjects/Sem 6/Speech Processing/Tutorials/6/Question 1/Train Data/Checkpoints/wav2vec2 train 1\model_epoch_15.pth
2025-03-14 20:22:22,077 - INFO - Training loss for epoch 16: 0.1669938963651657
2025-03-14 20:22:35,826 - INFO - Testing loss for epoch 16: 0.025629355385899544
2025-03-14 20:22:35,827 - INFO - Testing word error rate for epoch 16: 1.0004465579986572

2025-03-14 20:22:35,827 - INFO - Testing character error rate for epoch 16: 0.42681533098220825

2025-03-14 20:22:39,115 - INFO - Checkpoint saved to E:/Amrita/Subjects/Sem 6/Speech Processing/Tutorials/6/Question 1/Train Data/Checkpoints/wav2vec2 train 1\model_epoch_16.pth
2025-03-14 20:24:12,917 - INFO - Training loss for epoch 17: 0.1770865349471569
2025-03-14 20:24:57,268 - INFO - Best model saved to E:/Amrita/Subjects/Sem 6/Speech Processing/Tutorials/6/Question 1/Train Data/Checkpoints/wav2vec2 train 1\best_model.pth
2025-03-14 20:24:57,269 - INFO - Testing loss for epoch 17: 0.018136079795658587
2025-03-14 20:24:57,269 - INFO - Testing word error rate for epoch 17: 1.020901083946228

2025-03-14 20:24:57,269 - INFO - Testing character error rate for epoch 17: 0.4446467459201813

2025-03-14 20:25:25,371 - INFO - Checkpoint saved to E:/Amrita/Subjects/Sem 6/Speech Processing/Tutorials/6/Question 1/Train Data/Checkpoints/wav2vec2 train 1\model_epoch_17.pth
2025-03-14 20:27:00,188 - INFO - Training loss for epoch 18: 0.15085876859724523
2025-03-14 20:27:42,782 - INFO - Best model saved to E:/Amrita/Subjects/Sem 6/Speech Processing/Tutorials/6/Question 1/Train Data/Checkpoints/wav2vec2 train 1\best_model.pth
2025-03-14 20:27:42,782 - INFO - Testing loss for epoch 18: 0.006984690576791764
2025-03-14 20:27:42,782 - INFO - Testing word error rate for epoch 18: 1.0096511840820312

2025-03-14 20:27:42,782 - INFO - Testing character error rate for epoch 18: 0.44351762533187866

2025-03-14 20:27:45,880 - INFO - Checkpoint saved to E:/Amrita/Subjects/Sem 6/Speech Processing/Tutorials/6/Question 1/Train Data/Checkpoints/wav2vec2 train 1\model_epoch_18.pth
2025-03-14 20:29:37,567 - INFO - Training loss for epoch 19: 0.14639850109815597
2025-03-14 20:29:57,217 - INFO - Testing loss for epoch 19: 0.007398781180381775
2025-03-14 20:29:57,218 - INFO - Testing word error rate for epoch 19: 1.0335619449615479

2025-03-14 20:29:57,218 - INFO - Testing character error rate for epoch 19: 0.4572061598300934

2025-03-14 20:30:00,481 - INFO - Checkpoint saved to E:/Amrita/Subjects/Sem 6/Speech Processing/Tutorials/6/Question 1/Train Data/Checkpoints/wav2vec2 train 1\model_epoch_19.pth
2025-03-14 20:31:39,688 - INFO - Training loss for epoch 20: 0.1176217494159937
2025-03-14 20:31:58,807 - INFO - Best model saved to E:/Amrita/Subjects/Sem 6/Speech Processing/Tutorials/6/Question 1/Train Data/Checkpoints/wav2vec2 train 1\best_model.pth
2025-03-14 20:31:58,807 - INFO - Testing loss for epoch 20: 0.003659846633672714
2025-03-14 20:31:58,808 - INFO - Testing word error rate for epoch 20: 1.0177929401397705

2025-03-14 20:31:58,808 - INFO - Testing character error rate for epoch 20: 0.4606758952140808